TN:
SF:/Users/au87xu/generic-components/generic-accordion.js
FNF:0
FNH:0
DA:3,1
LF:1
LH:1
BRF:0
BRH:0
end_of_record
TN:
SF:/Users/au87xu/generic-components/generic-alert.js
FNF:0
FNH:0
DA:3,1
LF:1
LH:1
BRF:0
BRH:0
end_of_record
TN:
SF:/Users/au87xu/generic-components/generic-dialog.js
FNF:0
FNH:0
DA:3,1
LF:1
LH:1
BRF:0
BRH:0
end_of_record
TN:
SF:/Users/au87xu/generic-components/generic-disclosure.js
FNF:0
FNH:0
DA:3,1
LF:1
LH:1
BRF:0
BRH:0
end_of_record
TN:
SF:/Users/au87xu/generic-components/generic-listbox.js
FNF:0
FNH:0
DA:3,1
LF:1
LH:1
BRF:0
BRH:0
end_of_record
TN:
SF:/Users/au87xu/generic-components/generic-skiplink.js
FNF:0
FNH:0
DA:3,1
LF:1
LH:1
BRF:0
BRH:0
end_of_record
TN:
SF:/Users/au87xu/generic-components/generic-switch.js
FNF:0
FNH:0
DA:3,1
LF:1
LH:1
BRF:0
BRH:0
end_of_record
TN:
SF:/Users/au87xu/generic-components/generic-tabs.js
FNF:0
FNH:0
DA:3,1
LF:1
LH:1
BRF:0
BRH:0
end_of_record
TN:
SF:/Users/au87xu/generic-components/generic-tooltip.js
FNF:0
FNH:0
DA:3,1
LF:1
LH:1
BRF:0
BRH:0
end_of_record
TN:
SF:/Users/au87xu/generic-components/generic-visually-hidden.js
FNF:0
FNH:0
DA:3,1
LF:1
LH:1
BRF:0
BRH:0
end_of_record
TN:
SF:/Users/au87xu/generic-components/generic-accordion/GenericAccordion.js
FN:20,(anonymous_0)
FN:26,(anonymous_1)
FN:42,(anonymous_2)
FN:46,(anonymous_3)
FN:55,(anonymous_4)
FN:60,(anonymous_5)
FN:67,(anonymous_6)
FN:101,(anonymous_7)
FN:105,(anonymous_8)
FN:110,(anonymous_9)
FN:139,(anonymous_10)
FN:143,(anonymous_11)
FN:147,(anonymous_12)
FN:151,(anonymous_13)
FNF:14
FNH:13
FNDA:12,(anonymous_0)
FNDA:12,(anonymous_1)
FNDA:1,(anonymous_2)
FNDA:27,(anonymous_3)
FNDA:9,(anonymous_4)
FNDA:1,(anonymous_5)
FNDA:8,(anonymous_6)
FNDA:9,(anonymous_7)
FNDA:14,(anonymous_8)
FNDA:39,(anonymous_9)
FNDA:14,(anonymous_10)
FNDA:14,(anonymous_11)
FNDA:0,(anonymous_12)
FNDA:1,(anonymous_13)
DA:3,1
DA:4,1
DA:21,12
DA:22,12
DA:23,12
DA:27,12
DA:28,0
DA:30,12
DA:33,12
DA:34,12
DA:35,12
DA:36,12
DA:37,12
DA:39,12
DA:43,1
DA:47,27
DA:48,27
DA:49,14
DA:50,14
DA:56,9
DA:57,9
DA:61,1
DA:62,1
DA:63,1
DA:64,1
DA:68,8
DA:69,8
DA:71,3
DA:72,2
DA:74,1
DA:76,3
DA:77,3
DA:79,3
DA:80,0
DA:82,3
DA:84,3
DA:85,3
DA:88,1
DA:89,1
DA:92,1
DA:93,1
DA:95,0
DA:98,8
DA:102,9
DA:106,14
DA:107,14
DA:109,14
DA:110,14
DA:111,39
DA:112,13
DA:113,13
DA:114,13
DA:115,13
DA:116,13
DA:117,13
DA:119,26
DA:120,26
DA:121,26
DA:122,26
DA:125,39
DA:126,33
DA:127,33
DA:131,14
DA:132,14
DA:140,14
DA:144,14
DA:148,0
DA:152,1
DA:153,1
LF:69
LH:65
BRDA:27,0,0,0
BRDA:27,0,1,12
BRDA:47,1,0,27
BRDA:47,1,1,0
BRDA:48,2,0,14
BRDA:48,2,1,13
BRDA:56,3,0,0
BRDA:56,3,1,9
BRDA:61,4,0,0
BRDA:61,4,1,1
BRDA:68,5,0,0
BRDA:68,5,1,8
BRDA:69,6,0,3
BRDA:69,6,1,3
BRDA:69,6,2,1
BRDA:69,6,3,1
BRDA:69,6,4,0
BRDA:71,7,0,2
BRDA:71,7,1,1
BRDA:79,8,0,0
BRDA:79,8,1,3
BRDA:109,9,0,0
BRDA:109,9,1,14
BRDA:109,10,0,14
BRDA:109,10,1,14
BRDA:111,11,0,13
BRDA:111,11,1,26
BRDA:125,12,0,33
BRDA:125,12,1,6
BRF:29
BRH:21
end_of_record
TN:
SF:/Users/au87xu/generic-components/generic-alert/GenericAlert.js
FN:19,(anonymous_0)
FN:25,(anonymous_1)
FNF:2
FNH:2
FNDA:2,(anonymous_0)
FNDA:2,(anonymous_1)
DA:1,1
DA:2,1
DA:20,2
DA:21,2
DA:22,2
DA:26,2
DA:27,2
DA:29,2
DA:30,2
DA:32,2
DA:33,2
LF:11
LH:11
BRDA:26,0,0,2
BRDA:26,0,1,0
BRDA:29,1,0,2
BRDA:29,1,1,0
BRDA:32,2,0,2
BRDA:32,2,1,0
BRF:6
BRH:3
end_of_record
TN:
SF:/Users/au87xu/generic-components/generic-dialog/GenericDialog.js
FN:14,(anonymous_0)
FN:19,(anonymous_1)
FN:25,(anonymous_2)
FN:28,(anonymous_3)
FN:29,(anonymous_4)
FNF:5
FNH:2
FNDA:1,(anonymous_0)
FNDA:1,(anonymous_1)
FNDA:0,(anonymous_2)
FNDA:0,(anonymous_3)
FNDA:0,(anonymous_4)
DA:3,1
DA:4,1
DA:15,1
DA:16,1
DA:20,1
DA:22,1
DA:23,1
DA:25,1
DA:26,0
DA:29,0
DA:30,0
DA:31,0
DA:32,0
LF:13
LH:8
BRF:0
BRH:0
end_of_record
TN:
SF:/Users/au87xu/generic-components/generic-dialog/dialog.js
FN:15,(anonymous_0)
FN:26,(anonymous_1)
FN:47,(anonymous_2)
FN:92,(anonymous_3)
FN:93,(anonymous_4)
FN:105,(anonymous_5)
FN:108,(anonymous_6)
FN:126,(anonymous_7)
FN:133,(anonymous_8)
FN:140,(anonymous_9)
FNF:10
FNH:8
FNDA:1,(anonymous_0)
FNDA:2,(anonymous_1)
FNDA:4,(anonymous_2)
FNDA:2,(anonymous_3)
FNDA:1,(anonymous_4)
FNDA:1,(anonymous_5)
FNDA:5,(anonymous_6)
FNDA:0,(anonymous_7)
FNDA:0,(anonymous_8)
FNDA:19,(anonymous_9)
DA:16,1
DA:18,1
DA:19,1
DA:22,1
DA:27,2
DA:28,2
DA:29,2
DA:30,2
DA:32,2
DA:33,1
DA:43,1
DA:44,1
DA:47,1
DA:48,4
DA:49,1
DA:50,1
DA:51,1
DA:52,1
DA:58,1
DA:59,1
DA:60,1
DA:61,1
DA:62,1
DA:63,1
DA:64,1
DA:65,1
DA:66,1
DA:67,1
DA:69,1
DA:70,1
DA:73,1
DA:74,1
DA:75,1
DA:76,1
DA:79,1
DA:80,1
DA:81,1
DA:82,1
DA:83,1
DA:84,1
DA:85,1
DA:87,1
DA:89,1
DA:90,1
DA:92,1
DA:93,2
DA:94,1
DA:98,1
DA:100,1
DA:101,1
DA:106,1
DA:108,1
DA:109,5
DA:110,2
DA:111,1
DA:112,1
DA:113,1
DA:117,1
DA:119,1
DA:120,1
DA:122,1
DA:123,1
DA:127,0
DA:128,0
DA:129,0
DA:134,0
DA:135,0
DA:136,0
DA:141,19
DA:142,0
DA:143,0
DA:144,0
DA:150,1
LF:73
LH:64
BRDA:26,0,0,2
BRDA:26,1,0,2
BRDA:32,2,0,1
BRDA:32,2,1,1
BRDA:43,3,0,1
BRDA:43,3,1,0
BRDA:48,4,0,1
BRDA:48,4,1,3
BRDA:49,5,0,1
BRDA:49,5,1,0
BRDA:69,6,0,1
BRDA:69,6,1,0
BRDA:109,7,0,2
BRDA:109,7,1,3
BRDA:110,8,0,1
BRDA:110,8,1,1
BRDA:127,9,0,0
BRDA:127,9,1,0
BRDA:127,10,0,0
BRDA:127,10,1,0
BRDA:127,10,2,0
BRDA:134,11,0,0
BRDA:134,11,1,0
BRDA:134,12,0,0
BRDA:134,12,1,0
BRDA:134,12,2,0
BRDA:141,13,0,0
BRDA:141,13,1,19
BRDA:142,14,0,0
BRDA:142,14,1,0
BRF:30
BRH:14
end_of_record
TN:
SF:/Users/au87xu/generic-components/generic-disclosure/GenericDisclosure.js
FN:51,(anonymous_0)
FN:58,(anonymous_1)
FN:62,(anonymous_2)
FN:77,(anonymous_3)
FN:81,(anonymous_4)
FN:96,(anonymous_5)
FN:101,(anonymous_6)
FN:106,(anonymous_7)
FN:110,(anonymous_8)
FNF:9
FNH:8
FNDA:4,(anonymous_0)
FNDA:4,(anonymous_1)
FNDA:2,(anonymous_2)
FNDA:1,(anonymous_3)
FNDA:6,(anonymous_4)
FNDA:3,(anonymous_5)
FNDA:3,(anonymous_6)
FNDA:0,(anonymous_7)
FNDA:2,(anonymous_8)
DA:1,1
DA:2,1
DA:52,4
DA:53,4
DA:54,4
DA:55,4
DA:59,4
DA:60,4
DA:62,4
DA:63,2
DA:64,1
DA:65,1
DA:67,1
DA:68,1
DA:72,4
DA:73,0
DA:78,1
DA:82,6
DA:83,6
DA:84,6
DA:85,6
DA:86,3
DA:87,3
DA:89,3
DA:90,3
DA:97,3
DA:98,3
DA:102,3
DA:103,3
DA:107,0
DA:111,2
DA:112,1
DA:114,1
LF:33
LH:31
BRDA:63,0,0,1
BRDA:63,0,1,1
BRDA:72,1,0,0
BRDA:72,1,1,4
BRDA:82,2,0,0
BRDA:82,2,1,6
BRDA:83,3,0,6
BRDA:83,3,1,0
BRDA:84,4,0,6
BRDA:84,4,1,0
BRDA:85,5,0,3
BRDA:85,5,1,3
BRDA:111,6,0,1
BRDA:111,6,1,1
BRF:14
BRH:10
end_of_record
TN:
SF:/Users/au87xu/generic-components/generic-listbox/GenericListbox.js
FN:13,(anonymous_0)
FN:20,(anonymous_1)
FN:37,(anonymous_2)
FN:41,(anonymous_3)
FN:50,(anonymous_4)
FN:56,(anonymous_5)
FN:90,(anonymous_6)
FN:95,(anonymous_7)
FN:120,(anonymous_8)
FN:140,(anonymous_9)
FN:144,(anonymous_10)
FN:148,(anonymous_11)
FN:152,(anonymous_12)
FNF:13
FNH:12
FNDA:7,(anonymous_0)
FNDA:7,(anonymous_1)
FNDA:1,(anonymous_2)
FNDA:26,(anonymous_3)
FNDA:1,(anonymous_4)
FNDA:4,(anonymous_5)
FNDA:13,(anonymous_6)
FNDA:221,(anonymous_7)
FNDA:13,(anonymous_8)
FNDA:33,(anonymous_9)
FNDA:20,(anonymous_10)
FNDA:0,(anonymous_11)
FNDA:1,(anonymous_12)
DA:3,1
DA:4,1
DA:14,7
DA:15,7
DA:16,7
DA:17,7
DA:21,7
DA:22,7
DA:24,7
DA:25,7
DA:27,7
DA:28,7
DA:31,7
DA:32,7
DA:34,7
DA:38,1
DA:42,26
DA:43,26
DA:44,13
DA:45,13
DA:51,1
DA:52,1
DA:53,1
DA:57,4
DA:58,4
DA:60,1
DA:61,1
DA:63,0
DA:65,1
DA:66,1
DA:68,1
DA:69,0
DA:71,1
DA:73,1
DA:74,1
DA:77,1
DA:78,1
DA:81,1
DA:82,1
DA:84,0
DA:87,4
DA:91,13
DA:92,13
DA:94,13
DA:95,13
DA:96,221
DA:97,221
DA:99,221
DA:100,13
DA:101,13
DA:102,13
DA:103,13
DA:104,13
DA:105,13
DA:107,208
DA:108,208
DA:112,13
DA:113,13
DA:121,13
DA:122,13
DA:123,0
DA:124,0
DA:126,0
DA:127,0
DA:130,0
DA:131,0
DA:132,0
DA:134,0
DA:141,33
DA:145,20
DA:149,0
DA:153,1
DA:154,1
LF:73
LH:61
BRDA:27,0,0,7
BRDA:27,0,1,0
BRDA:42,1,0,26
BRDA:42,1,1,0
BRDA:43,2,0,13
BRDA:43,2,1,13
BRDA:51,3,0,0
BRDA:51,3,1,1
BRDA:57,4,0,0
BRDA:57,4,1,4
BRDA:58,5,0,1
BRDA:58,5,1,1
BRDA:58,5,2,1
BRDA:58,5,3,1
BRDA:58,5,4,0
BRDA:60,6,0,1
BRDA:60,6,1,0
BRDA:68,7,0,0
BRDA:68,7,1,1
BRDA:94,8,0,0
BRDA:94,8,1,13
BRDA:94,9,0,13
BRDA:94,9,1,13
BRDA:99,10,0,13
BRDA:99,10,1,208
BRDA:122,11,0,0
BRDA:122,11,1,13
BRDA:126,12,0,0
BRDA:126,12,1,0
BRDA:130,13,0,0
BRDA:130,13,1,0
BRDA:131,14,0,0
BRDA:131,14,1,0
BRF:33
BRH:18
end_of_record
TN:
SF:/Users/au87xu/generic-components/generic-skiplink/GenericSkiplink.js
FN:2,(anonymous_0)
FN:7,(anonymous_1)
FN:11,(anonymous_2)
FN:15,(anonymous_3)
FN:21,(anonymous_4)
FNF:5
FNH:5
FNDA:2,(anonymous_0)
FNDA:2,(anonymous_1)
FNDA:1,(anonymous_2)
FNDA:1,(anonymous_3)
FNDA:3,(anonymous_4)
DA:3,2
DA:4,2
DA:8,2
DA:12,1
DA:16,1
DA:17,1
DA:22,3
LF:7
LH:7
BRDA:16,0,0,1
BRDA:16,0,1,0
BRF:2
BRH:1
end_of_record
TN:
SF:/Users/au87xu/generic-components/generic-switch/GenericSwitch.js
FN:61,(anonymous_0)
FN:67,(anonymous_1)
FN:71,(anonymous_2)
FN:96,(anonymous_3)
FN:108,(anonymous_4)
FN:118,(anonymous_5)
FN:134,(anonymous_6)
FN:147,(anonymous_7)
FNF:8
FNH:8
FNDA:10,(anonymous_0)
FNDA:1,(anonymous_1)
FNDA:10,(anonymous_2)
FNDA:12,(anonymous_3)
FNDA:3,(anonymous_4)
FNDA:4,(anonymous_5)
FNDA:18,(anonymous_6)
FNDA:15,(anonymous_7)
DA:3,1
DA:4,1
DA:58,1
DA:62,10
DA:63,10
DA:64,10
DA:68,1
DA:72,10
DA:73,10
DA:74,10
DA:75,10
DA:77,10
DA:78,10
DA:79,10
DA:80,10
DA:82,10
DA:83,10
DA:85,10
DA:86,10
DA:87,10
DA:89,10
DA:91,10
DA:92,10
DA:93,10
DA:97,12
DA:98,2
DA:99,2
DA:100,2
DA:102,10
DA:103,10
DA:104,10
DA:109,3
DA:110,2
DA:111,1
DA:113,1
DA:119,4
DA:122,4
DA:123,4
DA:124,2
DA:126,2
DA:128,4
DA:130,0
DA:135,18
DA:136,6
DA:137,6
DA:139,12
DA:140,12
DA:143,18
DA:144,18
DA:148,15
DA:149,12
DA:150,10
DA:152,2
DA:153,2
DA:154,2
DA:156,8
DA:157,8
DA:158,8
DA:160,0
LF:59
LH:57
BRDA:89,0,0,10
BRDA:89,0,1,8
BRDA:97,1,0,2
BRDA:97,1,1,10
BRDA:109,2,0,2
BRDA:109,2,1,1
BRDA:110,3,0,1
BRDA:110,3,1,1
BRDA:119,4,0,2
BRDA:119,4,1,4
BRDA:119,4,2,0
BRDA:123,5,0,2
BRDA:123,5,1,2
BRDA:135,6,0,6
BRDA:135,6,1,12
BRDA:135,7,0,18
BRDA:135,7,1,6
BRDA:148,8,0,3
BRDA:148,8,1,12
BRDA:149,9,0,10
BRDA:149,9,1,2
BRDA:150,10,0,2
BRDA:150,10,1,8
BRDA:150,10,2,0
BRF:24
BRH:22
end_of_record
TN:
SF:/Users/au87xu/generic-components/generic-tabs/GenericTabs.js
FN:38,(anonymous_0)
FN:44,(anonymous_1)
FN:60,(anonymous_2)
FN:65,(anonymous_3)
FN:74,(anonymous_4)
FN:78,(anonymous_5)
FN:83,(anonymous_6)
FN:119,(anonymous_7)
FN:124,(anonymous_8)
FN:155,(anonymous_9)
FN:162,(anonymous_10)
FN:167,(anonymous_11)
FN:171,(anonymous_12)
FNF:13
FNH:12
FNDA:13,(anonymous_0)
FNDA:13,(anonymous_1)
FNDA:1,(anonymous_2)
FNDA:49,(anonymous_3)
FNDA:0,(anonymous_4)
FNDA:1,(anonymous_5)
FNDA:8,(anonymous_6)
FNDA:24,(anonymous_7)
FNDA:46,(anonymous_8)
FNDA:2,(anonymous_9)
FNDA:10,(anonymous_10)
FNDA:44,(anonymous_11)
FNDA:24,(anonymous_12)
DA:16,1
DA:17,1
DA:39,13
DA:40,13
DA:41,13
DA:45,13
DA:46,1
DA:48,12
DA:51,13
DA:52,13
DA:54,13
DA:55,13
DA:57,13
DA:61,1
DA:66,49
DA:67,49
DA:68,24
DA:69,24
DA:75,0
DA:79,1
DA:80,1
DA:84,8
DA:86,8
DA:88,3
DA:89,2
DA:91,1
DA:93,3
DA:94,3
DA:97,3
DA:98,1
DA:100,2
DA:102,3
DA:103,3
DA:106,1
DA:107,1
DA:110,1
DA:111,1
DA:113,0
DA:115,8
DA:116,8
DA:120,24
DA:121,24
DA:123,24
DA:124,24
DA:125,46
DA:126,23
DA:127,23
DA:128,23
DA:129,23
DA:130,23
DA:131,23
DA:133,23
DA:134,23
DA:135,23
DA:136,23
DA:139,46
DA:140,46
DA:142,46
DA:143,46
DA:144,46
DA:147,24
DA:148,24
DA:156,2
DA:157,2
DA:158,2
DA:159,2
DA:163,10
DA:164,10
DA:168,44
DA:172,24
LF:70
LH:68
BRDA:45,0,0,1
BRDA:45,0,1,12
BRDA:54,1,0,13
BRDA:54,1,1,13
BRDA:66,2,0,49
BRDA:66,2,1,0
BRDA:67,3,0,24
BRDA:67,3,1,25
BRDA:86,4,0,3
BRDA:86,4,1,3
BRDA:86,4,2,1
BRDA:86,4,3,1
BRDA:86,4,4,0
BRDA:88,5,0,2
BRDA:88,5,1,1
BRDA:97,6,0,1
BRDA:97,6,1,2
BRDA:123,7,0,0
BRDA:123,7,1,24
BRDA:123,8,0,24
BRDA:123,8,1,24
BRDA:125,9,0,23
BRDA:125,9,1,23
BRDA:156,10,0,0
BRDA:156,10,1,2
BRF:25
BRH:21
end_of_record
TN:
SF:/Users/au87xu/generic-components/generic-tooltip/GenericTooltip.js
FN:34,(anonymous_0)
FN:40,(anonymous_1)
FN:57,(anonymous_2)
FN:61,(anonymous_3)
FNF:4
FNH:2
FNDA:1,(anonymous_0)
FNDA:1,(anonymous_1)
FNDA:0,(anonymous_2)
FNDA:0,(anonymous_3)
DA:1,1
DA:2,1
DA:31,1
DA:35,1
DA:36,1
DA:37,1
DA:41,1
DA:42,1
DA:44,1
DA:45,1
DA:46,1
DA:48,1
DA:50,1
DA:51,1
DA:52,1
DA:53,1
DA:54,1
DA:58,0
DA:62,0
LF:19
LH:17
BRF:0
BRH:0
end_of_record
TN:
SF:/Users/au87xu/generic-components/generic-visually-hidden/GenericVisuallyHidden.js
FN:2,(anonymous_0)
FN:7,(anonymous_1)
FNF:2
FNH:2
FNDA:1,(anonymous_0)
FNDA:1,(anonymous_1)
DA:3,1
DA:4,1
DA:8,1
DA:9,1
LF:4
LH:4
BRF:0
BRH:0
end_of_record
TN:
SF:/Users/au87xu/generic-components/utils/EventTargetShim.js
FN:2,(anonymous_0)
FNF:1
FNH:1
FNDA:1,(anonymous_0)
DA:3,1
DA:4,1
DA:5,1
DA:6,1
LF:4
LH:4
BRF:0
BRH:0
end_of_record
TN:
SF:/Users/au87xu/generic-components/utils/keycodes.js
FNF:0
FNH:0
DA:1,1
LF:1
LH:1
BRF:0
BRH:0
end_of_record
TN:
SF:/Users/au87xu/generic-components/utils/utils.test.js
FN:3,(anonymous_0)
FNF:1
FNH:1
FNDA:1,(anonymous_0)
DA:3,1
LF:1
LH:1
BRF:0
BRH:0
end_of_record
TN:
SF:/Users/au87xu/generic-components/web_modules/@a11y/focus-trap.js
FN:10,queryShadowRoot
FN:17,(anonymous_1)
FN:20,(anonymous_2)
FN:60,isHidden
FN:81,isDisabled
FN:93,isFocusable
FN:121,debounce
FN:130,(anonymous_7)
FN:156,(anonymous_8)
FN:173,(anonymous_9)
FN:181,(anonymous_10)
FN:185,(anonymous_11)
FN:192,(anonymous_12)
FN:199,(anonymous_13)
FN:211,(anonymous_14)
FN:221,(anonymous_15)
FN:228,(anonymous_16)
FN:235,(anonymous_17)
FN:242,(anonymous_18)
FN:250,(anonymous_19)
FN:274,(anonymous_20)
FN:281,(anonymous_21)
FN:292,(anonymous_22)
FN:294,(anonymous_23)
FN:308,(anonymous_24)
FNF:25
FNH:12
FNDA:0,queryShadowRoot
FNDA:0,(anonymous_1)
FNDA:0,(anonymous_2)
FNDA:0,isHidden
FNDA:0,isDisabled
FNDA:0,isFocusable
FNDA:2,debounce
FNDA:1,(anonymous_7)
FNDA:1,(anonymous_8)
FNDA:1,(anonymous_9)
FNDA:0,(anonymous_10)
FNDA:0,(anonymous_11)
FNDA:4,(anonymous_12)
FNDA:1,(anonymous_13)
FNDA:1,(anonymous_14)
FNDA:0,(anonymous_15)
FNDA:0,(anonymous_16)
FNDA:0,(anonymous_17)
FNDA:0,(anonymous_18)
FNDA:0,(anonymous_19)
FNDA:1,(anonymous_20)
FNDA:1,(anonymous_21)
FNDA:2,(anonymous_22)
FNDA:1,(anonymous_23)
FNDA:1,(anonymous_24)
DA:11,0
DA:13,0
DA:14,0
DA:17,0
DA:20,0
DA:21,0
DA:22,0
DA:30,0
DA:35,0
DA:36,0
DA:38,0
DA:39,0
DA:42,0
DA:43,0
DA:45,0
DA:46,0
DA:47,0
DA:48,0
DA:50,0
DA:53,0
DA:61,0
DA:82,0
DA:95,0
DA:96,0
DA:98,0
DA:114,1
DA:123,2
DA:124,2
DA:125,1
DA:128,2
DA:131,1
DA:132,1
DA:140,1
DA:141,1
DA:157,1
DA:159,1
DA:160,1
DA:161,1
DA:162,1
DA:163,1
DA:164,1
DA:165,1
DA:166,1
DA:167,1
DA:168,1
DA:169,1
DA:174,1
DA:182,0
DA:186,0
DA:193,4
DA:200,1
DA:201,1
DA:203,1
DA:204,1
DA:205,1
DA:212,1
DA:213,1
DA:214,1
DA:215,1
DA:222,0
DA:229,0
DA:236,0
DA:243,0
DA:251,0
DA:252,0
DA:253,0
DA:254,0
DA:255,0
DA:257,0
DA:259,0
DA:266,0
DA:267,0
DA:275,1
DA:282,1
DA:293,2
DA:295,1
DA:296,0
DA:297,0
DA:309,1
DA:310,1
DA:311,1
DA:314,1
LF:82
LH:40
BRDA:10,0,0,0
BRDA:10,1,0,0
BRDA:13,2,0,0
BRDA:13,2,1,0
BRDA:21,3,0,0
BRDA:21,3,1,0
BRDA:35,4,0,0
BRDA:35,4,1,0
BRDA:38,5,0,0
BRDA:38,5,1,0
BRDA:42,6,0,0
BRDA:42,6,1,0
BRDA:45,7,0,0
BRDA:45,7,1,0
BRDA:47,8,0,0
BRDA:47,8,1,0
BRDA:62,9,0,0
BRDA:62,9,1,0
BRDA:62,9,2,0
BRDA:62,9,3,0
BRDA:62,9,4,0
BRDA:62,9,5,0
BRDA:62,9,6,0
BRDA:83,10,0,0
BRDA:83,10,1,0
BRDA:83,10,2,0
BRDA:95,11,0,0
BRDA:95,11,1,0
BRDA:95,12,0,0
BRDA:95,12,1,0
BRDA:95,12,2,0
BRDA:100,13,0,0
BRDA:100,13,1,0
BRDA:100,13,2,0
BRDA:100,13,3,0
BRDA:100,13,4,0
BRDA:100,13,5,0
BRDA:100,13,6,0
BRDA:100,13,7,0
BRDA:100,13,8,0
BRDA:124,14,0,1
BRDA:124,14,1,1
BRDA:186,15,0,0
BRDA:186,15,1,0
BRDA:251,16,0,0
BRDA:251,16,1,0
BRDA:253,17,0,0
BRDA:253,17,1,0
BRDA:254,18,0,0
BRDA:254,18,1,0
BRDA:295,19,0,0
BRDA:295,19,1,1
BRDA:309,20,0,1
BRDA:309,20,1,0
BRDA:309,21,0,1
BRDA:309,21,1,0
BRDA:310,22,0,1
BRDA:310,22,1,0
BRDA:310,23,0,1
BRDA:310,23,1,0
BRDA:311,24,0,0
BRDA:311,24,1,1
BRF:62
BRH:8
end_of_record
